2025-05-27 23:44:44,804 - distributed.nanny - INFO -         Start Nanny at: 'tcp://10.6.1.184:41173'
2025-05-27 23:44:46,784 - distributed.worker - INFO -       Start worker at:     tcp://10.6.1.184:35887
2025-05-27 23:44:46,786 - distributed.worker - INFO -          Listening to:     tcp://10.6.1.184:35887
2025-05-27 23:44:46,786 - distributed.worker - INFO -           Worker name:             SLURMCluster-1
2025-05-27 23:44:46,786 - distributed.worker - INFO -          dashboard at:           10.6.1.184:36767
2025-05-27 23:44:46,786 - distributed.worker - INFO - Waiting to connect to: tcp://146.186.150.12:35555
2025-05-27 23:44:46,786 - distributed.worker - INFO - -------------------------------------------------
2025-05-27 23:44:46,786 - distributed.worker - INFO -               Threads:                          1
2025-05-27 23:44:46,786 - distributed.worker - INFO -                Memory:                 200.00 GiB
2025-05-27 23:44:46,787 - distributed.worker - INFO -       Local Directory: /tmp/dask-scratch-space/worker-p262a1h1
2025-05-27 23:44:46,787 - distributed.worker - INFO - -------------------------------------------------
2025-05-27 23:44:46,824 - distributed.worker - INFO - Starting Worker plugin shuffle
2025-05-27 23:44:46,825 - distributed.worker - INFO -         Registered to: tcp://146.186.150.12:35555
2025-05-27 23:44:46,825 - distributed.worker - INFO - -------------------------------------------------
2025-05-27 23:44:46,825 - distributed.core - INFO - Starting established connection to tcp://146.186.150.12:35555
2025-05-27 23:59:12,403 - distributed.core - INFO - Connection to tcp://146.186.150.12:35555 has been closed.
2025-05-27 23:59:12,404 - distributed.worker - INFO - Stopping worker at tcp://10.6.1.184:35887. Reason: worker-handle-scheduler-connection-broken
2025-05-27 23:59:12,405 - distributed.worker - ERROR - Failed to communicate with scheduler during heartbeat.
Traceback (most recent call last):
  File "/storage/work/cta5244/.conda/envs/fwi_env/lib/python3.10/site-packages/tornado/iostream.py", line 861, in _read_to_buffer
    bytes_read = self.read_from_fd(buf)
  File "/storage/work/cta5244/.conda/envs/fwi_env/lib/python3.10/site-packages/tornado/iostream.py", line 1113, in read_from_fd
    return self.socket.recv_into(buf, len(buf))
ConnectionResetError: [Errno 104] Connection reset by peer

The above exception was the direct cause of the following exception:

Traceback (most recent call last):
  File "/storage/work/cta5244/.conda/envs/fwi_env/lib/python3.10/site-packages/distributed/worker.py", line 1267, in heartbeat
    response = await retry_operation(
  File "/storage/work/cta5244/.conda/envs/fwi_env/lib/python3.10/site-packages/distributed/utils_comm.py", line 416, in retry_operation
    return await retry(
  File "/storage/work/cta5244/.conda/envs/fwi_env/lib/python3.10/site-packages/distributed/utils_comm.py", line 395, in retry
    return await coro()
  File "/storage/work/cta5244/.conda/envs/fwi_env/lib/python3.10/site-packages/distributed/core.py", line 1259, in send_recv_from_rpc
    return await send_recv(comm=comm, op=key, **kwargs)
  File "/storage/work/cta5244/.conda/envs/fwi_env/lib/python3.10/site-packages/distributed/core.py", line 1018, in send_recv
    response = await comm.read(deserializers=deserializers)
  File "/storage/work/cta5244/.conda/envs/fwi_env/lib/python3.10/site-packages/distributed/comm/tcp.py", line 237, in read
    convert_stream_closed_error(self, e)
  File "/storage/work/cta5244/.conda/envs/fwi_env/lib/python3.10/site-packages/distributed/comm/tcp.py", line 143, in convert_stream_closed_error
    raise CommClosedError(f"in {obj}: {exc.__class__.__name__}: {exc}") from exc
distributed.comm.core.CommClosedError: in <TCP (closed) ConnectionPool.heartbeat_worker local=tcp://10.6.1.184:57210 remote=tcp://146.186.150.12:35555>: ConnectionResetError: [Errno 104] Connection reset by peer
2025-05-27 23:59:12,416 - distributed.nanny - INFO - Closing Nanny gracefully at 'tcp://10.6.1.184:41173'. Reason: worker-handle-scheduler-connection-broken
2025-05-27 23:59:12,417 - distributed.worker - INFO - Removing Worker plugin shuffle
2025-05-27 23:59:12,422 - distributed.nanny - INFO - Worker closed
2025-05-27 23:59:15,604 - distributed.nanny - INFO - Closing Nanny at 'tcp://10.6.1.184:41173'. Reason: nanny-close-gracefully
2025-05-27 23:59:15,604 - distributed.nanny - INFO - Nanny at 'tcp://10.6.1.184:41173' closed.
2025-05-27 23:59:15,605 - distributed.dask_worker - INFO - End worker
